<?xml version="1.0" encoding="UTF-8"?>
<!-- Generated by org.testng.reporters.JUnitXMLReporter -->
<testsuite hostname="DESKTOP-HTR3HGT" ignored="1" name="Test" tests="2" failures="0" timestamp="27 Mar 2023 14:04:38 GMT" time="0.036" errors="0">
  <testcase name="test03" time="0.005" classname="org.com.AdactinHotel"/>
  <testcase name="test02" time="0.004" classname="org.com.AdactinHotel"/>
  <testcase name="test01" time="0.0" classname="org.com.AdactinHotel">
    <ignored/>
  </testcase> <!-- test01 -->
</testsuite> <!-- Test -->
